<?xml version="1.0" encoding="UTF-8"?>
<testsuite name="com.phonebook.tests.LoginTests" tests="1" skipped="0" failures="0" errors="0" timestamp="2023-06-28T16:27:22" hostname="WINDOWS-HP" time="1.297">
  <properties/>
  <testcase name="LoginPositiveTest" classname="com.phonebook.tests.LoginTests" time="1.297"/>
  <system-out><![CDATA[18:27:22.728 [Test worker] INFO  com.phonebook.tests.TestBase -- Start test LoginPositiveTest with data: []
18:27:24.041 [Test worker] INFO  com.phonebook.tests.TestBase -- PASSED: LoginPositiveTest
18:27:24.042 [Test worker] INFO  com.phonebook.tests.TestBase -- ================================================================
]]></system-out>
  <system-err><![CDATA[]]></system-err>
</testsuite>
