<?xml version="1.0" encoding="UTF-8"?>
<testsuite name="com.phonebook.tests.AddContactTests" tests="1" skipped="0" failures="0" errors="0" timestamp="2023-06-28T16:27:34" hostname="WINDOWS-HP" time="1.662">
  <properties/>
  <testcase name="addContactPositiveTest" classname="com.phonebook.tests.AddContactTests" time="1.662"/>
  <system-out><![CDATA[18:27:24.048 [Test worker] INFO  com.phonebook.tests.TestBase -- Start test addContactPositiveTest with data: []
18:27:36.260 [Test worker] INFO  com.phonebook.tests.TestBase -- PASSED: addContactPositiveTest
18:27:36.260 [Test worker] INFO  com.phonebook.tests.TestBase -- ================================================================
]]></system-out>
  <system-err><![CDATA[]]></system-err>
</testsuite>
