<?xml version="1.0" encoding="UTF-8"?>
<testsuite name="com.phonebook.tests.RemoveContactTest" tests="1" skipped="0" failures="0" errors="0" timestamp="2023-06-28T16:27:47" hostname="WINDOWS-HP" time="12.49">
  <properties/>
  <testcase name="removeContactTest" classname="com.phonebook.tests.RemoveContactTest" time="12.49"/>
  <system-out><![CDATA[18:27:36.263 [Test worker] INFO  com.phonebook.tests.TestBase -- Start test removeContactTest with data: []
18:28:00.328 [Test worker] INFO  com.phonebook.tests.TestBase -- PASSED: removeContactTest
18:28:00.328 [Test worker] INFO  com.phonebook.tests.TestBase -- ================================================================
]]></system-out>
  <system-err><![CDATA[]]></system-err>
</testsuite>
